{
  "seleniumLog": [
    {
      "commandName": "get",
      "args": [
        "[/]"
      ],
      "result": "success",
      "subLogs": [
        {
          "commandName": "get",
          "args": [
            "{url=http://www.amazon.com/}"
          ],
          "result": "null",
          "subLogs": [],
          "duration": 1566
        }
      ],
      "duration": -1
    },
    {
      "commandName": "setTimeout",
      "args": [
        "{type=implicit, ms=30000}"
      ],
      "result": "null",
      "subLogs": [],
      "duration": 4
    },
    {
      "commandName": "findElement",
      "args": [
        "{value=nav-hamburger-menu, using=id}"
      ],
      "result": "id: 0.34420335083103426-1",
      "subLogs": [],
      "duration": 74
    },
    {
      "commandName": "findElement",
      "args": [
        "By.id: nav-hamburger-menu",
        "{}"
      ],
      "result": "OK",
      "subLogs": [],
      "duration": -1
    },
    {
      "commandName": "clickElement",
      "args": [
        "By.id: nav-hamburger-menu",
        "{\"id\":\"0.34420335083103426-1\"}"
      ],
      "result": "clickElement:null",
      "subLogs": [],
      "duration": 751
    },
    {
      "commandName": "findElement",
      "args": [
        "{value=#hmenu-content ul.hmenu.hmenu-visible li:nth-child(4) a.hmenu-item, using=css selector}"
      ],
      "result": "id: 0.34420335083103426-2",
      "subLogs": [],
      "duration": 14
    },
    {
      "commandName": "findElement",
      "args": [
        "By.cssSelector: #hmenu-content ul.hmenu.hmenu-visible li:nth-child(4) a.hmenu-item",
        "{}"
      ],
      "result": "OK",
      "subLogs": [],
      "duration": -1
    },
    {
      "commandName": "clickElement",
      "args": [
        "By.cssSelector: #hmenu-content ul.hmenu.hmenu-visible li:nth-child(4) a.hmenu-item",
        "{\"id\":\"0.34420335083103426-2\"}"
      ],
      "result": "clickElement:null",
      "subLogs": [],
      "duration": 55
    },
    {
      "commandName": "findElement",
      "args": [
        "{value=#hmenu-content ul.hmenu.hmenu-visible li:nth-child(4) a.hmenu-item, using=css selector}"
      ],
      "result": "id: 0.34420335083103426-3",
      "subLogs": [],
      "duration": 42
    },
    {
      "commandName": "findElement",
      "args": [
        "By.cssSelector: #hmenu-content ul.hmenu.hmenu-visible li:nth-child(4) a.hmenu-item",
        "{}"
      ],
      "result": "OK",
      "subLogs": [],
      "duration": -1
    },
    {
      "commandName": "getElementText",
      "args": [
        "By.cssSelector: #hmenu-content ul.hmenu.hmenu-visible li:nth-child(4) a.hmenu-item",
        "{\"id\":\"0.34420335083103426-3\"}"
      ],
      "result": "getElementText:",
      "subLogs": [],
      "duration": 11
    },
    {
      "commandName": "findElement",
      "args": [
        "{value=Children's Books, using=link text}"
      ],
      "result": "no such element: Unable to locate element: {\"method\":\"link text\",\"selector\":\"Children's Books\"}\n  (Session info: chrome=80.0.3987.149)\n  (Driver info: chromedriver=80.0.3987.106 (f68069574609230cf9b635cd784cfb1bf81bb53a-refs/branch-heads/3987@{#882}),platform=Mac OS X 10.15.0 x86_64) (WARNING: The server did not provide any stacktrace information)\nCommand duration or timeout: 30.12 seconds\nFor documentation on this error, please visit: http://seleniumhq.org/exceptions/no_such_element.html\nBuild info: version: '2.53.0', revision: '35ae25b1534ae328c771e0856c93e187490ca824', time: '2016-03-15 10:43:46'\nSystem info: host: 'sanvijanvis-mbp.lan', ip: '192.168.86.163', os.name: 'Mac OS X', os.arch: 'x86_64', os.version: '10.15', java.version: '11.0.3'\nDriver info: com.qmetry.qaf.automation.ui.webdriver.QAFExtendedWebDriver\nCapabilities [{mobileEmulationEnabled=false, timeouts={implicit=0, pageLoad=300000, script=30000}, hasTouchScreen=false, platform=MAC, acceptSslCerts=false, goog:chromeOptions={debuggerAddress=localhost:55396}, acceptInsecureCerts=false, webStorageEnabled=true, browserName=chrome, takesScreenshot=true, javascriptEnabled=true, setWindowRect=true, unexpectedAlertBehaviour=ignore, applicationCacheEnabled=false, rotatable=false, networkConnectionEnabled=false, chrome={chromedriverVersion=80.0.3987.106 (f68069574609230cf9b635cd784cfb1bf81bb53a-refs/branch-heads/3987@{#882}), userDataDir=/var/folders/ql/ds02c6jn4kzbc08btxntjvhr0000gn/T/.com.google.Chrome.DRp6sx}, takesHeapSnapshot=true, pageLoadStrategy=normal, strictFileInteractability=false, databaseEnabled=false, handlesAlerts=true, version=80.0.3987.149, browserConnectionEnabled=false, proxy={}, nativeEvents=true, locationContextEnabled=true, cssSelectorsEnabled=true}]\nSession ID: 957a247aa353c458975ca88c9ed5c783\n*** Element info: {Using=link text, value=Children's Books}",
      "subLogs": [],
      "duration": 30169
    },
    {
      "commandName": "quit",
      "args": [
        "{}"
      ],
      "result": "null",
      "subLogs": [],
      "duration": 21275
    },
    {
      "commandName": "getElementTagName",
      "args": [
        "By.linkText: Children's Books",
        "{\"id\":\"-1\"}"
      ],
      "result": "Timed out after 10 seconds waiting for presence of element located by: By.linkText: Children's Books\nBuild info: version: '2.53.0', revision: '35ae25b1534ae328c771e0856c93e187490ca824', time: '2016-03-15 10:43:46'\nSystem info: host: 'sanvijanvis-mbp.lan', ip: '192.168.86.163', os.name: 'Mac OS X', os.arch: 'x86_64', os.version: '10.15', java.version: '11.0.3'\nDriver info: driver.version: QAFExtendedWebDriver",
      "subLogs": [],
      "duration": 1207383251
    }
  ],
  "checkPoints": [
    {
      "message": "get '/'",
      "type": "TestStepPass",
      "duration": 3210,
      "threshold": 0,
      "subCheckPoints": []
    },
    {
      "message": "Timed out after 10 seconds waiting for presence of element located by: By.linkText: Children's Books\nBuild info: version: '2.53.0', revision: '35ae25b1534ae328c771e0856c93e187490ca824', time: '2016-03-15 10:43:46'\nSystem info: host: 'sanvijanvis-mbp.lan', ip: '192.168.86.163', os.name: 'Mac OS X', os.arch: 'x86_64', os.version: '10.15', java.version: '11.0.3'\nDriver info: driver.version: QAFExtendedWebDriver",
      "type": "Fail",
      "screenshot": "",
      "duration": 0,
      "threshold": 0,
      "subCheckPoints": []
    }
  ],
  "errorTrace": "org.openqa.selenium.TimeoutException: Timed out after 10 seconds waiting for presence of element located by: By.linkText: Children's Books\nBuild info: version: '2.53.0', revision: '35ae25b1534ae328c771e0856c93e187490ca824', time: '2016-03-15 10:43:46'\nSystem info: host: 'sanvijanvis-mbp.lan', ip: '192.168.86.163', os.name: 'Mac OS X', os.arch: 'x86_64', os.version: '10.15', java.version: '11.0.3'\nDriver info: driver.version: QAFExtendedWebDriver\n\tat com.qmetry.qaf.automation.ui.util.DynamicWait.until(DynamicWait.java:169)\n\tat com.qmetry.qaf.automation.ui.webdriver.QAFExtendedWebDriver.load(QAFExtendedWebDriver.java:213)\n\tat com.qmetry.qaf.automation.ui.webdriver.QAFExtendedWebElement.load(QAFExtendedWebElement.java:302)\n\tat com.qmetry.qaf.automation.ui.webdriver.QAFExtendedWebElement.execute(QAFExtendedWebElement.java:249)\n\tat org.openqa.selenium.remote.RemoteWebElement.getTagName(RemoteWebElement.java:144)\n\tat com.qaf.amzServices.AmazonServiceImpl.selectCategory(AmazonServiceImpl.java:37)\n\tat com.qaf.amz.AmazonQAF.amazonServices(AmazonQAF.java:24)\n\tat java.base/jdk.internal.reflect.NativeMethodAccessorImpl.invoke0(Native Method)\n\tat java.base/jdk.internal.reflect.NativeMethodAccessorImpl.invoke(NativeMethodAccessorImpl.java:62)\n\tat java.base/jdk.internal.reflect.DelegatingMethodAccessorImpl.invoke(DelegatingMethodAccessorImpl.java:43)\n\tat java.base/java.lang.reflect.Method.invoke(Method.java:566)\n\tat org.testng.internal.MethodInvocationHelper.invokeMethod(MethodInvocationHelper.java:133)\n\tat org.testng.internal.TestInvoker.invokeMethod(TestInvoker.java:584)\n\tat org.testng.internal.TestInvoker.invokeTestMethod(TestInvoker.java:172)\n\tat org.testng.internal.MethodRunner.runInSequence(MethodRunner.java:46)\n\tat org.testng.internal.TestInvoker$MethodInvocationAgent.invoke(TestInvoker.java:804)\n\tat org.testng.internal.TestInvoker.invokeTestMethods(TestInvoker.java:145)\n\tat org.testng.internal.TestMethodWorker.invokeTestMethods(TestMethodWorker.java:146)\n\tat org.testng.internal.TestMethodWorker.run(TestMethodWorker.java:128)\n\tat java.base/java.util.ArrayList.forEach(ArrayList.java:1540)\n\tat org.testng.TestRunner.privateRun(TestRunner.java:770)\n\tat org.testng.TestRunner.run(TestRunner.java:591)\n\tat org.testng.SuiteRunner.runTest(SuiteRunner.java:402)\n\tat org.testng.SuiteRunner.runSequentially(SuiteRunner.java:396)\n\tat org.testng.SuiteRunner.privateRun(SuiteRunner.java:355)\n\tat org.testng.SuiteRunner.run(SuiteRunner.java:304)\n\tat org.testng.SuiteRunnerWorker.runSuite(SuiteRunnerWorker.java:53)\n\tat org.testng.SuiteRunnerWorker.run(SuiteRunnerWorker.java:96)\n\tat org.testng.TestNG.runSuitesSequentially(TestNG.java:1180)\n\tat org.testng.TestNG.runSuitesLocally(TestNG.java:1102)\n\tat org.testng.TestNG.runSuites(TestNG.java:1032)\n\tat org.testng.TestNG.run(TestNG.java:1000)\n\tat org.testng.remote.AbstractRemoteTestNG.run(AbstractRemoteTestNG.java:115)\n\tat org.testng.remote.RemoteTestNG.initAndRun(RemoteTestNG.java:251)\n\tat org.testng.remote.RemoteTestNG.main(RemoteTestNG.java:77)\nCaused by: org.openqa.selenium.NoSuchElementException: no such element: Unable to locate element: {\"method\":\"link text\",\"selector\":\"Children's Books\"}\n  (Session info: chrome=80.0.3987.149)\n  (Driver info: chromedriver=80.0.3987.106 (f68069574609230cf9b635cd784cfb1bf81bb53a-refs/branch-heads/3987@{#882}),platform=Mac OS X 10.15.0 x86_64) (WARNING: The server did not provide any stacktrace information)\nCommand duration or timeout: 30.12 seconds\nFor documentation on this error, please visit: http://seleniumhq.org/exceptions/no_such_element.html\nBuild info: version: '2.53.0', revision: '35ae25b1534ae328c771e0856c93e187490ca824', time: '2016-03-15 10:43:46'\nSystem info: host: 'sanvijanvis-mbp.lan', ip: '192.168.86.163', os.name: 'Mac OS X', os.arch: 'x86_64', os.version: '10.15', java.version: '11.0.3'\nDriver info: com.qmetry.qaf.automation.ui.webdriver.QAFExtendedWebDriver\nCapabilities [{mobileEmulationEnabled=false, timeouts={implicit=0, pageLoad=300000, script=30000}, hasTouchScreen=false, platform=MAC, acceptSslCerts=false, goog:chromeOptions={debuggerAddress=localhost:55396}, acceptInsecureCerts=false, webStorageEnabled=true, browserName=chrome, takesScreenshot=true, javascriptEnabled=true, setWindowRect=true, unexpectedAlertBehaviour=ignore, applicationCacheEnabled=false, rotatable=false, networkConnectionEnabled=false, chrome={chromedriverVersion=80.0.3987.106 (f68069574609230cf9b635cd784cfb1bf81bb53a-refs/branch-heads/3987@{#882}), userDataDir=/var/folders/ql/ds02c6jn4kzbc08btxntjvhr0000gn/T/.com.google.Chrome.DRp6sx}, takesHeapSnapshot=true, pageLoadStrategy=normal, strictFileInteractability=false, databaseEnabled=false, handlesAlerts=true, version=80.0.3987.149, browserConnectionEnabled=false, proxy={}, nativeEvents=true, locationContextEnabled=true, cssSelectorsEnabled=true}]\nSession ID: 957a247aa353c458975ca88c9ed5c783\n*** Element info: {Using=link text, value=Children's Books}\n\tat java.base/jdk.internal.reflect.NativeConstructorAccessorImpl.newInstance0(Native Method)\n\tat java.base/jdk.internal.reflect.NativeConstructorAccessorImpl.newInstance(NativeConstructorAccessorImpl.java:62)\n\tat java.base/jdk.internal.reflect.DelegatingConstructorAccessorImpl.newInstance(DelegatingConstructorAccessorImpl.java:45)\n\tat java.base/java.lang.reflect.Constructor.newInstance(Constructor.java:490)\n\tat org.openqa.selenium.remote.ErrorHandler.createThrowable(ErrorHandler.java:206)\n\tat org.openqa.selenium.remote.ErrorHandler.throwIfResponseFailed(ErrorHandler.java:158)\n\tat org.openqa.selenium.remote.RemoteWebDriver.execute(RemoteWebDriver.java:678)\n\tat com.qmetry.qaf.automation.ui.webdriver.QAFExtendedWebDriver.execute(QAFExtendedWebDriver.java:233)\n\tat org.openqa.selenium.remote.RemoteWebDriver.findElement(RemoteWebDriver.java:363)\n\tat org.openqa.selenium.remote.RemoteWebDriver.findElementByLinkText(RemoteWebDriver.java:428)\n\tat com.qmetry.qaf.automation.ui.webdriver.QAFExtendedWebDriver.findElementByLinkText(QAFExtendedWebDriver.java:377)\n\tat com.qmetry.qaf.automation.ui.webdriver.QAFExtendedWebDriver.findElementByLinkText(QAFExtendedWebDriver.java:1)\n\tat org.openqa.selenium.By$ByLinkText.findElement(By.java:246)\n\tat org.openqa.selenium.remote.RemoteWebDriver.findElement(RemoteWebDriver.java:355)\n\tat com.qmetry.qaf.automation.ui.webdriver.QAFExtendedWebDriver.findElement(QAFExtendedWebDriver.java:168)\n\tat com.qmetry.qaf.automation.ui.webdriver.QAFExtendedWebDriver.findElement(QAFExtendedWebDriver.java:1)\n\tat org.openqa.selenium.support.ui.ExpectedConditions.findElement(ExpectedConditions.java:899)\n\tat org.openqa.selenium.support.ui.ExpectedConditions.access$000(ExpectedConditions.java:41)\n\tat org.openqa.selenium.support.ui.ExpectedConditions$6.apply(ExpectedConditions.java:181)\n\tat org.openqa.selenium.support.ui.ExpectedConditions$6.apply(ExpectedConditions.java:178)\n\tat com.qmetry.qaf.automation.ui.util.DynamicWait.until(DynamicWait.java:148)\n\t... 34 more\n"
}